<?xml version='1.0'?>
<ns2:test-suite xmlns:ns2='urn:model.allure.qatools.yandex.ru' start='1677151433878' stop='1677151435161'>
    <name>The Internet Guinea Pig Website: As a user, I can log into the secure area</name>
    <title>The Internet Guinea Pig Website: As a user, I can log into the secure area</title>
    <test-cases>
        <test-case start='1677151433879' status='passed' stop='1677151433881'>
            <name></name>
            <title></title>
            <labels>
                <label name='language' value='javascript'/>
                <label name='framework' value='wdio'/>
                <label name='thread' value='0-0'/>
            </labels>
            <parameters>
                <parameter kind='argument' name='browser' value='chrome-110.0.5481.104'/>
            </parameters>
            <steps/>
            <attachments/>
        </test-case>
        <test-case start='1677151433882' status='passed' stop='1677151434862'>
            <name>Given I am on the login page</name>
            <title>Given I am on the login page</title>
            <labels>
                <label name='language' value='javascript'/>
                <label name='framework' value='wdio'/>
                <label name='thread' value='0-0'/>
            </labels>
            <parameters>
                <parameter kind='argument' name='browser' value='chrome-110.0.5481.104'/>
            </parameters>
            <steps>
                <step start='1677151433884' status='passed' stop='1677151434859'>
                    <name>POST /session/:sessionId/url</name>
                    <title>POST /session/:sessionId/url</title>
                    <attachments>
                        <attachment title='Request' source='aba7b960-1b4d-48cc-841f-0b9ab9a49b37-attachment.json' type='application/json' size='81'/>
                    </attachments>
                    <steps/>
                </step>
            </steps>
            <attachments/>
        </test-case>
        <test-case start='1677151434862' status='broken' stop='1677151435151'>
            <name>When I login with foobar and barfoo</name>
            <title>When I login with foobar and barfoo</title>
            <labels>
                <label name='language' value='javascript'/>
                <label name='framework' value='wdio'/>
                <label name='thread' value='0-0'/>
            </labels>
            <parameters>
                <parameter kind='argument' name='browser' value='chrome-110.0.5481.104'/>
            </parameters>
            <steps>
                <step start='1677151434869' status='broken' stop='1677151435151'>
                    <name>POST /session/:sessionId/element</name>
                    <title>POST /session/:sessionId/element</title>
                    <attachments>
                        <attachment title='Request' source='f5e06a89-34c9-4181-a644-298528ec324b-attachment.json' type='application/json' size='72'/>
                    </attachments>
                    <steps/>
                </step>
            </steps>
            <attachments/>
            <failure>
                <message>invalid selector: The selector " //input[@name="username"]" used with strategy "css selector" is invalid! For more information on selectors visit the WebdriverIO docs at: https://webdriver.io/docs/selectors</message>
                <stack-trace>invalid selector: The selector " //input[@name="username"]" used with strategy "css selector" is invalid! For more information on selectors visit the WebdriverIO docs at: https://webdriver.io/docs/selectors
                    at processTicksAndRejections (node:internal/process/task_queues:95:5)
                    at async LoginPage.login (file:///D:/assignment/features/pageobjects/login.page.ts:39:9)
                    at async World.&lt;anonymous> (file:///D:/assignment/features/step-definitions/steps.ts:15:5)</stack-trace>
            </failure>
        </test-case>
        <test-case start='1677151435151' status='broken' stop='1677151435153'>
            <name>Then I should see a Home dashboard Time at Work</name>
            <title>Then I should see a Home dashboard Time at Work</title>
            <labels>
                <label name='language' value='javascript'/>
                <label name='framework' value='wdio'/>
                <label name='thread' value='0-0'/>
            </labels>
            <parameters>
                <parameter kind='argument' name='browser' value='chrome-110.0.5481.104'/>
            </parameters>
            <steps/>
            <attachments/>
            <failure>
                <message>Step "I should see a Home dashboard Time at Work" is not defined. You can ignore this error by setting cucumberOpts.ignoreUndefinedDefinitions as true.</message>
                <stack-trace>Step "I should see a Home dashboard Time at Work" is not defined. You can ignore this error by setting cucumberOpts.ignoreUndefinedDefinitions as true.
                	at Feature(D:\assignment\features\login.feature):1:1
                	at Scenario(As a user, I can log into the secure area):3:3
                	at Step(I should see a Home dashboard &lt;message>):7:5
                </stack-trace>
            </failure>
        </test-case>
        <test-case start='1677151435155' status='passed' stop='1677151435160'>
            <name></name>
            <title></title>
            <labels>
                <label name='language' value='javascript'/>
                <label name='framework' value='wdio'/>
                <label name='thread' value='0-0'/>
            </labels>
            <parameters>
                <parameter kind='argument' name='browser' value='chrome-110.0.5481.104'/>
            </parameters>
            <steps/>
            <attachments/>
        </test-case>
    </test-cases>
</ns2:test-suite>